<?xml version="1.0" encoding="UTF-8"?>
<!-- Generated by org.testng.reporters.JUnitReportReporter -->
<testsuite hostname="DESKTOP-94LR0IV" failures="0" tests="1" name="TestCases.verifyLogin" time="13.457" errors="0" timestamp="2023-02-13T08:04:12 IST" skipped="0">
  <testcase classname="TestCases.verifyLogin" name="login" time="13.457"/>
  <system-out/>
</testsuite> <!-- TestCases.verifyLogin -->
